<?xml version="1.0" encoding="UTF-8"?>
<!-- Generated by org.testng.reporters.JUnitXMLReporter -->
<testsuite ignored="0" hostname="DESKTOP-MC3KBP8" failures="0" tests="5" name="Default test" time="80.187" errors="0" timestamp="2023-06-07T17:45:38 EDT">
  <testcase classname="com.tutorialninja.qa.testcase.LoginTest" name="verifyLoginWithValidCredentials" time="1.226"/>
  <testcase classname="com.tutorialninja.qa.testcase.LoginTest" name="verifyLoginWithValidEmailInvalidPassword" time="0.973"/>
  <testcase classname="com.tutorialninja.qa.testcase.LoginTest" name="verifyLoginWithInvalidEmailvalidPassword" time="0.995"/>
  <testcase classname="com.tutorialninja.qa.testcase.LoginTest" name="verifyLoginWithInvalidCredentials" time="0.977"/>
  <testcase classname="com.tutorialninja.qa.testcase.LoginTest" name="verifyLoginWithoutCredentails" time="0.61"/>
</testsuite> <!-- Default test -->
