<?xml version="1.0" encoding="UTF-8"?>
<!-- Generated by org.testng.reporters.JUnitXMLReporter -->
<testsuite ignored="0" hostname="DESKTOP-MC3KBP8" failures="0" tests="12" name="Test" time="244.838" errors="0" timestamp="2023-06-07T11:06:22 EDT">
  <testcase classname="com.tutorialninja.qa.testcase.RegisterTest" name="registerWithManadatoryFieldds" time="2.286"/>
  <testcase classname="com.tutorialninja.qa.testcase.RegisterTest" name="registerWithAllfields" time="2.471"/>
  <testcase classname="com.tutorialninja.qa.testcase.RegisterTest" name="registerWithExistingEmailid" time="1.944"/>
  <testcase classname="com.tutorialninja.qa.testcase.RegisterTest" name="registerWithNoFields" time="0.934"/>
  <testcase classname="com.tutorialninja.qa.testcase.SearchproductTest" name="verifyValidProduct" time="1.645"/>
  <testcase classname="com.tutorialninja.qa.testcase.SearchproductTest" name="verifyInvalidProduct" time="1.704"/>
  <testcase classname="com.tutorialninja.qa.testcase.SearchproductTest" name="verifySearchWithoutProduct" time="1.622"/>
  <testcase classname="com.tutorialninja.qa.testcase.LoginTest" name="verifyLoginWithValidCredentials" time="1.272"/>
  <testcase classname="com.tutorialninja.qa.testcase.LoginTest" name="verifyLoginWithValidEmailInvalidPassword" time="0.974"/>
  <testcase classname="com.tutorialninja.qa.testcase.LoginTest" name="verifyLoginWithInvalidEmailvalidPassword" time="1.179"/>
  <testcase classname="com.tutorialninja.qa.testcase.LoginTest" name="verifyLoginWithInvalidCredentials" time="1.122"/>
  <testcase classname="com.tutorialninja.qa.testcase.LoginTest" name="verifyLoginWithoutCredentails" time="0.754"/>
</testsuite> <!-- Test -->
